<?xml version="1.0" encoding="UTF-8"?>
<!-- Generated by org.testng.reporters.JUnitReportReporter -->
<testsuite hostname="DESKTOP-Saheli09" failures="0" tests="3" name="com.tests.TestNG" time="64.587" errors="0" timestamp="2020-11-04T21:20:41 IST" skipped="0">
  <testcase classname="com.tests.TestNG" name="getPopularUsedCars" time="10.747"/>
  <system-out/>
  <testcase classname="com.tests.TestNG" name="getUpcomingBikes" time="28.891"/>
  <system-out/>
  <testcase classname="com.tests.TestNG" name="getGoogleSignIn" time="24.949"/>
  <system-out/>
</testsuite> <!-- com.tests.TestNG -->
